0 info it worked if it ends with ok
1 verbose cli [ '/usr/bin/nodejs', '/usr/bin/npm', 'run', 'lint' ]
2 info using npm@4.0.5
3 info using node@v6.9.3
4 verbose run-script [ 'prelint', 'lint', 'postlint' ]
5 info lifecycle poe-tree-stats@0.0.1~prelint: poe-tree-stats@0.0.1
6 silly lifecycle poe-tree-stats@0.0.1~prelint: no script for prelint, continuing
7 info lifecycle poe-tree-stats@0.0.1~lint: poe-tree-stats@0.0.1
8 verbose lifecycle poe-tree-stats@0.0.1~lint: unsafe-perm in lifecycle true
9 verbose lifecycle poe-tree-stats@0.0.1~lint: PATH: /usr/lib/node_modules/npm/bin/node-gyp-bin:/home/eps1lon/Development/src/js/TreeStats/node_modules/.bin:/home/eps1lon/.rbenv/shims:/home/eps1lon/.rbenv/bin:/usr/local/sbin:/usr/local/bin:/usr/sbin:/usr/bin:/sbin:/bin:/usr/games:/usr/local/games:/snap/bin:/usr/lib/jvm/java-8-oracle/bin:/usr/lib/jvm/java-8-oracle/db/bin:/usr/lib/jvm/java-8-oracle/jre/bin
10 verbose lifecycle poe-tree-stats@0.0.1~lint: CWD: /home/eps1lon/Development/src/js/TreeStats
11 silly lifecycle poe-tree-stats@0.0.1~lint: Args: [ '-c', 'eslint .' ]
12 silly lifecycle poe-tree-stats@0.0.1~lint: Returned: code: 1  signal: null
13 info lifecycle poe-tree-stats@0.0.1~lint: Failed to exec lint script
14 verbose stack Error: poe-tree-stats@0.0.1 lint: `eslint .`
14 verbose stack Exit status 1
14 verbose stack     at EventEmitter.<anonymous> (/usr/lib/node_modules/npm/lib/utils/lifecycle.js:279:16)
14 verbose stack     at emitTwo (events.js:106:13)
14 verbose stack     at EventEmitter.emit (events.js:191:7)
14 verbose stack     at ChildProcess.<anonymous> (/usr/lib/node_modules/npm/lib/utils/spawn.js:40:14)
14 verbose stack     at emitTwo (events.js:106:13)
14 verbose stack     at ChildProcess.emit (events.js:191:7)
14 verbose stack     at maybeClose (internal/child_process.js:877:16)
14 verbose stack     at Process.ChildProcess._handle.onexit (internal/child_process.js:226:5)
15 verbose pkgid poe-tree-stats@0.0.1
16 verbose cwd /home/eps1lon/Development/src/js/TreeStats
17 error Linux 4.4.0-59-generic
18 error argv "/usr/bin/nodejs" "/usr/bin/npm" "run" "lint"
19 error node v6.9.3
20 error npm  v4.0.5
21 error code ELIFECYCLE
22 error poe-tree-stats@0.0.1 lint: `eslint .`
22 error Exit status 1
23 error Failed at the poe-tree-stats@0.0.1 lint script 'eslint .'.
23 error Make sure you have the latest version of node.js and npm installed.
23 error If you do, this is most likely a problem with the poe-tree-stats package,
23 error not with npm itself.
23 error Tell the author that this fails on your system:
23 error     eslint .
23 error You can get information on how to open an issue for this project with:
23 error     npm bugs poe-tree-stats
23 error Or if that isn't available, you can get their info via:
23 error     npm owner ls poe-tree-stats
23 error There is likely additional logging output above.
24 verbose exit [ 1, true ]
